[0m15:03:20.985858 [debug] [MainThread]: Sending event: {'category': 'dbt', 'action': 'invocation', 'label': 'start', 'context': [<snowplow_tracker.self_describing_json.SelfDescribingJson object at 0x10e408ad0>, <snowplow_tracker.self_describing_json.SelfDescribingJson object at 0x10e419fd0>, <snowplow_tracker.self_describing_json.SelfDescribingJson object at 0x10e442150>]}


============================== 15:03:20.990796 | a9af4599-2552-4384-b94f-81c6783b5122 ==============================
[0m15:03:20.990796 [info ] [MainThread]: Running with dbt=1.8.4
[0m15:03:20.991208 [debug] [MainThread]: running dbt with arguments {'printer_width': '80', 'indirect_selection': 'eager', 'write_json': 'True', 'log_cache_events': 'False', 'partial_parse': 'True', 'cache_selected_only': 'False', 'profiles_dir': '/Users/bryan/.dbt', 'debug': 'False', 'warn_error': 'None', 'log_path': 'logs', 'version_check': 'True', 'fail_fast': 'False', 'use_colors': 'True', 'use_experimental_parser': 'False', 'no_print': 'None', 'quiet': 'False', 'empty': 'None', 'warn_error_options': 'WarnErrorOptions(include=[], exclude=[])', 'invocation_command': 'dbt init amazon_sales', 'static_parser': 'True', 'log_format': 'default', 'target_path': 'None', 'introspect': 'True', 'send_anonymous_usage_stats': 'True'}
[0m15:03:20.999752 [debug] [MainThread]: Starter project path: /Users/bryan/Projects/amazon_sales/sales_env/lib/python3.11/site-packages/dbt/include/starter_project
[0m15:03:21.005732 [info ] [MainThread]: 
Your new dbt project "amazon_sales" was created!

For more information on how to configure the profiles.yml file,
please consult the dbt documentation here:

  https://docs.getdbt.com/docs/configure-your-profile

One more thing:

Need help? Don't hesitate to reach out to us via GitHub issues or on Slack:

  https://community.getdbt.com/

Happy modeling!

[0m15:03:21.006148 [info ] [MainThread]: Setting up your profile.
[0m15:07:36.796773 [info ] [MainThread]: Profile amazon_sales written to /Users/bryan/.dbt/profiles.yml using target's profile_template.yml and your supplied values. Run 'dbt debug' to validate the connection.
[0m15:07:36.842118 [debug] [MainThread]: Resource report: {"command_name": "init", "command_success": true, "command_wall_clock_time": 255.89925, "process_user_time": 0.775389, "process_kernel_time": 0.188547, "process_mem_max_rss": "109338624", "process_in_blocks": "0", "process_out_blocks": "0"}
[0m15:07:36.849395 [debug] [MainThread]: Command `dbt init` succeeded at 15:07:36.846554 after 255.91 seconds
[0m15:07:36.853555 [debug] [MainThread]: Sending event: {'category': 'dbt', 'action': 'invocation', 'label': 'end', 'context': [<snowplow_tracker.self_describing_json.SelfDescribingJson object at 0x10e3d0b90>, <snowplow_tracker.self_describing_json.SelfDescribingJson object at 0x10a1854d0>, <snowplow_tracker.self_describing_json.SelfDescribingJson object at 0x10a0d8590>]}
[0m15:07:36.857446 [debug] [MainThread]: Flushing usage events
[0m15:07:51.861744 [debug] [MainThread]: Sending event: {'category': 'dbt', 'action': 'invocation', 'label': 'start', 'context': [<snowplow_tracker.self_describing_json.SelfDescribingJson object at 0x10da2f410>, <snowplow_tracker.self_describing_json.SelfDescribingJson object at 0x10daada50>, <snowplow_tracker.self_describing_json.SelfDescribingJson object at 0x10daae010>]}


============================== 15:07:51.869499 | df91c752-8818-4707-a761-d246bd1b7393 ==============================
[0m15:07:51.869499 [info ] [MainThread]: Running with dbt=1.8.4
[0m15:07:51.869960 [debug] [MainThread]: running dbt with arguments {'printer_width': '80', 'indirect_selection': 'eager', 'log_cache_events': 'False', 'write_json': 'True', 'partial_parse': 'True', 'cache_selected_only': 'False', 'warn_error': 'None', 'fail_fast': 'False', 'debug': 'False', 'log_path': 'logs', 'version_check': 'True', 'profiles_dir': '/Users/bryan/.dbt', 'use_colors': 'True', 'use_experimental_parser': 'False', 'empty': 'None', 'quiet': 'False', 'no_print': 'None', 'log_format': 'default', 'invocation_command': 'dbt debug', 'introspect': 'True', 'warn_error_options': 'WarnErrorOptions(include=[], exclude=[])', 'target_path': 'None', 'static_parser': 'True', 'send_anonymous_usage_stats': 'True'}
[0m15:07:51.881326 [info ] [MainThread]: dbt version: 1.8.4
[0m15:07:51.881612 [info ] [MainThread]: python version: 3.11.5
[0m15:07:51.881813 [info ] [MainThread]: python path: /Users/bryan/Projects/amazon_sales/sales_env/bin/python
[0m15:07:51.881984 [info ] [MainThread]: os info: macOS-10.16-x86_64-i386-64bit
[0m15:07:52.085686 [info ] [MainThread]: Using profiles dir at /Users/bryan/.dbt
[0m15:07:52.086144 [info ] [MainThread]: Using profiles.yml file at /Users/bryan/.dbt/profiles.yml
[0m15:07:52.086339 [info ] [MainThread]: Using dbt_project.yml file at /Users/bryan/Projects/amazon_sales/dbt_project.yml
[0m15:07:52.086820 [info ] [MainThread]: adapter type: snowflake
[0m15:07:52.086998 [info ] [MainThread]: adapter version: 1.8.3
[0m15:07:52.087171 [info ] [MainThread]: Configuration:
[0m15:07:52.087402 [info ] [MainThread]:   profiles.yml file [[32mOK found and valid[0m]
[0m15:07:52.087639 [info ] [MainThread]:   dbt_project.yml file [[31mERROR not found[0m]
[0m15:07:52.087808 [info ] [MainThread]: Required dependencies:
[0m15:07:52.088025 [debug] [MainThread]: Executing "git --help"
[0m15:07:52.288791 [debug] [MainThread]: STDOUT: "b"usage: git [-v | --version] [-h | --help] [-C <path>] [-c <name>=<value>]\n           [--exec-path[=<path>]] [--html-path] [--man-path] [--info-path]\n           [-p | --paginate | -P | --no-pager] [--no-replace-objects] [--bare]\n           [--git-dir=<path>] [--work-tree=<path>] [--namespace=<name>]\n           [--super-prefix=<path>] [--config-env=<name>=<envvar>]\n           <command> [<args>]\n\nThese are common Git commands used in various situations:\n\nstart a working area (see also: git help tutorial)\n   clone     Clone a repository into a new directory\n   init      Create an empty Git repository or reinitialize an existing one\n\nwork on the current change (see also: git help everyday)\n   add       Add file contents to the index\n   mv        Move or rename a file, a directory, or a symlink\n   restore   Restore working tree files\n   rm        Remove files from the working tree and from the index\n\nexamine the history and state (see also: git help revisions)\n   bisect    Use binary search to find the commit that introduced a bug\n   diff      Show changes between commits, commit and working tree, etc\n   grep      Print lines matching a pattern\n   log       Show commit logs\n   show      Show various types of objects\n   status    Show the working tree status\n\ngrow, mark and tweak your common history\n   branch    List, create, or delete branches\n   commit    Record changes to the repository\n   merge     Join two or more development histories together\n   rebase    Reapply commits on top of another base tip\n   reset     Reset current HEAD to the specified state\n   switch    Switch branches\n   tag       Create, list, delete or verify a tag object signed with GPG\n\ncollaborate (see also: git help workflows)\n   fetch     Download objects and refs from another repository\n   pull      Fetch from and integrate with another repository or a local branch\n   push      Update remote refs along with associated objects\n\n'git help -a' and 'git help -g' list available subcommands and some\nconcept guides. See 'git help <command>' or 'git help <concept>'\nto read about a specific subcommand or concept.\nSee 'git help git' for an overview of the system.\n""
[0m15:07:52.289520 [debug] [MainThread]: STDERR: "b''"
[0m15:07:52.289756 [info ] [MainThread]:  - git [[32mOK found[0m]

[0m15:07:52.289971 [info ] [MainThread]: Connection:
[0m15:07:52.290189 [info ] [MainThread]:   account: https://jqzvifb-wv76857.snowflakecomputing.com
[0m15:07:52.290345 [info ] [MainThread]:   user: PC_FIVETRAN_USER
[0m15:07:52.290495 [info ] [MainThread]:   database: PC_FIVETRAN_DB
[0m15:07:52.290805 [info ] [MainThread]:   warehouse: PC_FIVETRAN_WH
[0m15:07:52.291017 [info ] [MainThread]:   role: PC_FIVETRAN_ROLE
[0m15:07:52.291187 [info ] [MainThread]:   schema: GOOGLE_SHEETS
[0m15:07:52.291342 [info ] [MainThread]:   authenticator: None
[0m15:07:52.291497 [info ] [MainThread]:   oauth_client_id: None
[0m15:07:52.291643 [info ] [MainThread]:   query_tag: None
[0m15:07:52.291794 [info ] [MainThread]:   client_session_keep_alive: False
[0m15:07:52.291942 [info ] [MainThread]:   host: None
[0m15:07:52.292081 [info ] [MainThread]:   port: None
[0m15:07:52.292225 [info ] [MainThread]:   proxy_host: None
[0m15:07:52.292365 [info ] [MainThread]:   proxy_port: None
[0m15:07:52.292505 [info ] [MainThread]:   protocol: None
[0m15:07:52.292641 [info ] [MainThread]:   connect_retries: 1
[0m15:07:52.292781 [info ] [MainThread]:   connect_timeout: None
[0m15:07:52.292919 [info ] [MainThread]:   retry_on_database_errors: False
[0m15:07:52.293057 [info ] [MainThread]:   retry_all: False
[0m15:07:52.293192 [info ] [MainThread]:   insecure_mode: False
[0m15:07:52.293327 [info ] [MainThread]:   reuse_connections: None
[0m15:07:52.293755 [info ] [MainThread]: Registered adapter: snowflake=1.8.3
[0m15:07:52.353252 [debug] [MainThread]: Acquiring new snowflake connection 'debug'
[0m15:07:52.354632 [debug] [MainThread]: Using snowflake connection "debug"
[0m15:07:52.354955 [debug] [MainThread]: On debug: select 1 as id
[0m15:07:52.355198 [debug] [MainThread]: Opening a new connection, currently in state init
[0m15:07:53.545306 [debug] [MainThread]: Snowflake adapter: Error running SQL: select 1 as id
[0m15:07:53.546668 [debug] [MainThread]: Snowflake adapter: Rolling back transaction.
[0m15:07:53.547613 [debug] [MainThread]: On debug: No close available on handle
[0m15:07:53.548435 [info ] [MainThread]:   Connection test: [[31mERROR[0m]

[0m15:07:53.549437 [info ] [MainThread]: [31m2 checks failed:[0m
[0m15:07:53.550053 [info ] [MainThread]: Project loading failed for the following reason:
 project path </Users/bryan/Projects/amazon_sales/dbt_project.yml> not found

[0m15:07:53.550612 [info ] [MainThread]: dbt was unable to connect to the specified database.
The database returned the following error:

  >Database Error
  250001: Could not connect to Snowflake backend after 2 attempt(s).Aborting

Check your database credentials and try again. For more information, visit:
https://docs.getdbt.com/docs/configure-your-profile


[0m15:07:53.556490 [debug] [MainThread]: Resource report: {"command_name": "debug", "command_wall_clock_time": 1.7463657, "process_user_time": 0.794564, "process_kernel_time": 0.173727, "process_mem_max_rss": "118743040", "command_success": false, "process_in_blocks": "0", "process_out_blocks": "0"}
[0m15:07:53.558200 [debug] [MainThread]: Command `dbt debug` failed at 15:07:53.557611 after 1.75 seconds
[0m15:07:53.558964 [debug] [MainThread]: Connection 'debug' was properly closed.
[0m15:07:53.559622 [debug] [MainThread]: Sending event: {'category': 'dbt', 'action': 'invocation', 'label': 'end', 'context': [<snowplow_tracker.self_describing_json.SelfDescribingJson object at 0x10d953650>, <snowplow_tracker.self_describing_json.SelfDescribingJson object at 0x10da3ced0>, <snowplow_tracker.self_describing_json.SelfDescribingJson object at 0x1097d8d10>]}
[0m15:07:53.560367 [debug] [MainThread]: Flushing usage events
[0m15:08:14.362454 [debug] [MainThread]: Sending event: {'category': 'dbt', 'action': 'invocation', 'label': 'start', 'context': [<snowplow_tracker.self_describing_json.SelfDescribingJson object at 0x10e46dd10>, <snowplow_tracker.self_describing_json.SelfDescribingJson object at 0x110441990>, <snowplow_tracker.self_describing_json.SelfDescribingJson object at 0x110441f50>]}


============================== 15:08:14.368131 | 7d4a4182-d28e-4901-8e71-26132c7739e2 ==============================
[0m15:08:14.368131 [info ] [MainThread]: Running with dbt=1.8.4
[0m15:08:14.368533 [debug] [MainThread]: running dbt with arguments {'printer_width': '80', 'indirect_selection': 'eager', 'write_json': 'True', 'log_cache_events': 'False', 'partial_parse': 'True', 'cache_selected_only': 'False', 'warn_error': 'None', 'fail_fast': 'False', 'debug': 'False', 'log_path': 'logs', 'version_check': 'True', 'profiles_dir': '/Users/bryan/.dbt', 'use_colors': 'True', 'use_experimental_parser': 'False', 'empty': 'None', 'quiet': 'False', 'no_print': 'None', 'log_format': 'default', 'static_parser': 'True', 'warn_error_options': 'WarnErrorOptions(include=[], exclude=[])', 'introspect': 'True', 'target_path': 'None', 'invocation_command': 'dbt debug', 'send_anonymous_usage_stats': 'True'}
[0m15:08:14.376598 [info ] [MainThread]: dbt version: 1.8.4
[0m15:08:14.376842 [info ] [MainThread]: python version: 3.11.5
[0m15:08:14.377039 [info ] [MainThread]: python path: /Users/bryan/Projects/amazon_sales/sales_env/bin/python
[0m15:08:14.377209 [info ] [MainThread]: os info: macOS-10.16-x86_64-i386-64bit
[0m15:08:14.560489 [info ] [MainThread]: Using profiles dir at /Users/bryan/.dbt
[0m15:08:14.560831 [info ] [MainThread]: Using profiles.yml file at /Users/bryan/.dbt/profiles.yml
[0m15:08:14.561035 [info ] [MainThread]: Using dbt_project.yml file at /Users/bryan/Projects/amazon_sales/dbt_project.yml
[0m15:08:14.561530 [info ] [MainThread]: adapter type: snowflake
[0m15:08:14.561759 [info ] [MainThread]: adapter version: 1.8.3
[0m15:08:14.561955 [info ] [MainThread]: Configuration:
[0m15:08:14.562115 [info ] [MainThread]:   profiles.yml file [[32mOK found and valid[0m]
[0m15:08:14.562282 [info ] [MainThread]:   dbt_project.yml file [[31mERROR not found[0m]
[0m15:08:14.562431 [info ] [MainThread]: Required dependencies:
[0m15:08:14.562625 [debug] [MainThread]: Executing "git --help"
[0m15:08:14.592004 [debug] [MainThread]: STDOUT: "b"usage: git [-v | --version] [-h | --help] [-C <path>] [-c <name>=<value>]\n           [--exec-path[=<path>]] [--html-path] [--man-path] [--info-path]\n           [-p | --paginate | -P | --no-pager] [--no-replace-objects] [--bare]\n           [--git-dir=<path>] [--work-tree=<path>] [--namespace=<name>]\n           [--super-prefix=<path>] [--config-env=<name>=<envvar>]\n           <command> [<args>]\n\nThese are common Git commands used in various situations:\n\nstart a working area (see also: git help tutorial)\n   clone     Clone a repository into a new directory\n   init      Create an empty Git repository or reinitialize an existing one\n\nwork on the current change (see also: git help everyday)\n   add       Add file contents to the index\n   mv        Move or rename a file, a directory, or a symlink\n   restore   Restore working tree files\n   rm        Remove files from the working tree and from the index\n\nexamine the history and state (see also: git help revisions)\n   bisect    Use binary search to find the commit that introduced a bug\n   diff      Show changes between commits, commit and working tree, etc\n   grep      Print lines matching a pattern\n   log       Show commit logs\n   show      Show various types of objects\n   status    Show the working tree status\n\ngrow, mark and tweak your common history\n   branch    List, create, or delete branches\n   commit    Record changes to the repository\n   merge     Join two or more development histories together\n   rebase    Reapply commits on top of another base tip\n   reset     Reset current HEAD to the specified state\n   switch    Switch branches\n   tag       Create, list, delete or verify a tag object signed with GPG\n\ncollaborate (see also: git help workflows)\n   fetch     Download objects and refs from another repository\n   pull      Fetch from and integrate with another repository or a local branch\n   push      Update remote refs along with associated objects\n\n'git help -a' and 'git help -g' list available subcommands and some\nconcept guides. See 'git help <command>' or 'git help <concept>'\nto read about a specific subcommand or concept.\nSee 'git help git' for an overview of the system.\n""
[0m15:08:14.592801 [debug] [MainThread]: STDERR: "b''"
[0m15:08:14.593031 [info ] [MainThread]:  - git [[32mOK found[0m]

[0m15:08:14.593237 [info ] [MainThread]: Connection:
[0m15:08:14.593450 [info ] [MainThread]:   account: https://jqzvifb-wv76857.snowflakecomputing.com
[0m15:08:14.593620 [info ] [MainThread]:   user: PC_FIVETRAN_USER
[0m15:08:14.593771 [info ] [MainThread]:   database: PC_FIVETRAN_DB
[0m15:08:14.593917 [info ] [MainThread]:   warehouse: PC_FIVETRAN_WH
[0m15:08:14.594057 [info ] [MainThread]:   role: PC_FIVETRAN_ROLE
[0m15:08:14.594197 [info ] [MainThread]:   schema: GOOGLE_SHEETS
[0m15:08:14.594336 [info ] [MainThread]:   authenticator: None
[0m15:08:14.594483 [info ] [MainThread]:   oauth_client_id: None
[0m15:08:14.594620 [info ] [MainThread]:   query_tag: None
[0m15:08:14.594765 [info ] [MainThread]:   client_session_keep_alive: False
[0m15:08:14.594903 [info ] [MainThread]:   host: None
[0m15:08:14.595038 [info ] [MainThread]:   port: None
[0m15:08:14.595175 [info ] [MainThread]:   proxy_host: None
[0m15:08:14.595316 [info ] [MainThread]:   proxy_port: None
[0m15:08:14.595451 [info ] [MainThread]:   protocol: None
[0m15:08:14.595588 [info ] [MainThread]:   connect_retries: 1
[0m15:08:14.595724 [info ] [MainThread]:   connect_timeout: None
[0m15:08:14.595859 [info ] [MainThread]:   retry_on_database_errors: False
[0m15:08:14.595993 [info ] [MainThread]:   retry_all: False
[0m15:08:14.596129 [info ] [MainThread]:   insecure_mode: False
[0m15:08:14.596267 [info ] [MainThread]:   reuse_connections: None
[0m15:08:14.596713 [info ] [MainThread]: Registered adapter: snowflake=1.8.3
[0m15:08:14.603607 [debug] [MainThread]: Acquiring new snowflake connection 'debug'
[0m15:08:14.604857 [debug] [MainThread]: Using snowflake connection "debug"
[0m15:08:14.605086 [debug] [MainThread]: On debug: select 1 as id
[0m15:08:14.605274 [debug] [MainThread]: Opening a new connection, currently in state init
[0m15:08:15.664465 [debug] [MainThread]: Snowflake adapter: Error running SQL: select 1 as id
[0m15:08:15.664767 [debug] [MainThread]: Snowflake adapter: Rolling back transaction.
[0m15:08:15.664988 [debug] [MainThread]: On debug: No close available on handle
[0m15:08:15.665228 [info ] [MainThread]:   Connection test: [[31mERROR[0m]

[0m15:08:15.665491 [info ] [MainThread]: [31m2 checks failed:[0m
[0m15:08:15.665659 [info ] [MainThread]: Project loading failed for the following reason:
 project path </Users/bryan/Projects/amazon_sales/dbt_project.yml> not found

[0m15:08:15.665834 [info ] [MainThread]: dbt was unable to connect to the specified database.
The database returned the following error:

  >Database Error
  250001: Could not connect to Snowflake backend after 2 attempt(s).Aborting

Check your database credentials and try again. For more information, visit:
https://docs.getdbt.com/docs/configure-your-profile


[0m15:08:15.668253 [debug] [MainThread]: Resource report: {"command_name": "debug", "command_wall_clock_time": 1.3606508, "process_user_time": 0.81539, "process_kernel_time": 0.157531, "process_mem_max_rss": "114208768", "command_success": false, "process_in_blocks": "0", "process_out_blocks": "0"}
[0m15:08:15.668918 [debug] [MainThread]: Command `dbt debug` failed at 15:08:15.668675 after 1.36 seconds
[0m15:08:15.669253 [debug] [MainThread]: Connection 'debug' was properly closed.
[0m15:08:15.669506 [debug] [MainThread]: Sending event: {'category': 'dbt', 'action': 'invocation', 'label': 'end', 'context': [<snowplow_tracker.self_describing_json.SelfDescribingJson object at 0x110442250>, <snowplow_tracker.self_describing_json.SelfDescribingJson object at 0x1103d0fd0>, <snowplow_tracker.self_describing_json.SelfDescribingJson object at 0x10c0d8c90>]}
[0m15:08:15.669787 [debug] [MainThread]: Flushing usage events
